<?xml version="1.0" encoding="UTF-8"?>
<!-- Generated by org.testng.reporters.JUnitXMLReporter -->
<testsuite hostname="LAPTOP-L8O5THTG" ignored="0" name="testng.TC001_annotation" tests="3" failures="1" timestamp="25 Apr 2023 18:57:19 GMT" time="0.017" errors="0">
  <testcase name="asseconcept" time="0.0" classname="testng.TC001_annotation">
    <failure type="java.lang.AssertionError" message="The following asserts failed:
	name not matching expected [Prerna] but found [prerna]">
      <![CDATA[java.lang.AssertionError: The following asserts failed:
name not matching expected [Prerna] but found [prerna]
at testng.TC001_annotation.asseconcept(TC001_annotation.java:18)
... Removed 26 stack frames]]>
    </failure>
  </testcase> <!-- asseconcept -->
  <testcase name="text" time="0.0" classname="testng.TC001_annotation"/>
  <testcase name="display" time="0.0" classname="testng.TC001_annotation"/>
</testsuite> <!-- testng.TC001_annotation -->
